<?xml version="1.0" encoding="UTF-8"?>
<testsuite name="com.baha.PrimeTests" tests="1" skipped="0" failures="0" errors="0" timestamp="2021-05-23T15:09:00" hostname="OPASNYI" time="0.004">
  <properties/>
  <testcase name="testPrime" classname="com.baha.PrimeTests" time="0.004"/>
  <system-out><![CDATA[]]></system-out>
  <system-err><![CDATA[]]></system-err>
</testsuite>
