<?xml version="1.0" encoding="UTF-8"?>
<testsuite name="com.baha.PrimeTests" tests="2" skipped="0" failures="0" errors="0" timestamp="2020-12-26T19:48:20" hostname="Bakhyts-Mac-mini.local" time="4.885">
  <properties/>
  <testcase name="testPrimes" classname="com.baha.PrimeTests" time="4.881"/>
  <testcase name="testPrimes2" classname="com.baha.PrimeTests" time="0.001"/>
  <system-out><![CDATA[]]></system-out>
  <system-err><![CDATA[]]></system-err>
</testsuite>
