<?xml version="1.0" encoding="UTF-8"?>
<!-- Generated by org.testng.reporters.JUnitReportReporter -->
<testsuite hostname="OPASNYI.local" failures="0" tests="1" name="addressbook.tests.GroupDeletionTests" time="1.012" errors="0" timestamp="2021-05-29T18:51:55 ALMT" skipped="0">
  <testcase classname="addressbook.tests.GroupDeletionTests" name="testGroupDeletion" time="1.012"/>
  <system-out/>
</testsuite> <!-- addressbook.tests.GroupDeletionTests -->
