<?xml version="1.0" encoding="UTF-8"?>
<!-- Generated by org.testng.reporters.JUnitReportReporter -->
<testsuite hostname="Bakhyts-Mac-mini.local" failures="0" tests="1" name="addressbook.tests.ContactModificationTests" time="0.818" errors="0" timestamp="2020-12-28T01:30:15 ALMT" skipped="0">
  <testcase classname="addressbook.tests.ContactModificationTests" name="contactModificationTests" time="0.818"/>
  <system-out/>
</testsuite> <!-- addressbook.tests.ContactModificationTests -->
