<?xml version="1.0" encoding="UTF-8"?>
<!-- Generated by org.testng.reporters.JUnitReportReporter -->
<testsuite hostname="OPASNYI.local" failures="0" tests="2" name="addressbook.tests.GroupCreationTests" time="7.845" errors="0" timestamp="2021-05-29T23:48:42 ALMT" skipped="0">
  <testcase classname="addressbook.tests.GroupCreationTests" name="testGroupCreation" time="2.894"/>
  <system-out/>
  <testcase classname="addressbook.tests.GroupCreationTests" name="testBadGroupCreation" time="4.951"/>
  <system-out/>
</testsuite> <!-- addressbook.tests.GroupCreationTests -->
