<?xml version="1.0" encoding="UTF-8"?>
<!-- Generated by org.testng.reporters.JUnitReportReporter -->
<testsuite hostname="Bakhyts-Mac-mini.local" failures="0" tests="1" name="contact.tests.ContactDeletionTests" time="0.081" errors="0" timestamp="2020-12-27T21:59:06 ALMT" skipped="0">
  <testcase classname="contact.tests.ContactDeletionTests" name="testContactDeletionTests" time="0.081"/>
  <system-out/>
</testsuite> <!-- contact.tests.ContactDeletionTests -->
