<?xml version="1.0" encoding="UTF-8"?>
<!-- Generated by org.testng.reporters.JUnitReportReporter -->
<testsuite hostname="Bakhyts-Mac-mini.local" failures="0" tests="1" name="addressbook.tests.GroupCreationTests" time="3.649" errors="0" timestamp="2020-12-26T21:00:18 ALMT" skipped="0">
  <testcase classname="addressbook.tests.GroupCreationTests" name="groupCreationTests" time="3.649"/>
  <system-out/>
</testsuite> <!-- addressbook.tests.GroupCreationTests -->
