<?xml version="1.0" encoding="UTF-8"?>
<!-- Generated by org.testng.reporters.JUnitReportReporter -->
<testsuite hostname="Bakhyts-Mac-mini.local" failures="0" tests="1" name="addressbook.tests.GroupCreationTests" time="0.508" errors="0" timestamp="2020-12-19T21:18:04 ALMT" skipped="0">
  <testcase classname="addressbook.tests.GroupCreationTests" name="groupCreationTests" time="0.508"/>
  <system-out/>
</testsuite> <!-- addressbook.tests.GroupCreationTests -->
