<?xml version="1.0" encoding="UTF-8"?>
<!-- Generated by org.testng.reporters.JUnitReportReporter -->
<testsuite hostname="OPASNYI.local" failures="0" tests="1" name="addressbook.tests.GroupModificationTests" time="1.793" errors="0" timestamp="2021-05-29T02:12:16 ALMT" skipped="0">
  <testcase classname="addressbook.tests.GroupModificationTests" name="testGroupModification" time="1.793"/>
  <system-out/>
</testsuite> <!-- addressbook.tests.GroupModificationTests -->
