<?xml version="1.0" encoding="UTF-8"?>
<!-- Generated by org.testng.reporters.JUnitReportReporter -->
<testsuite hostname="Bakhyts-Mac-mini.local" failures="0" tests="1" name="addressbook.GroupDeletionTests" time="0.379" errors="0" timestamp="2020-12-13T00:36:17 ALMT" skipped="0">
  <testcase classname="addressbook.GroupDeletionTests" name="testGroupDeletion" time="0.379"/>
  <system-out/>
</testsuite> <!-- addressbook.GroupDeletionTests -->
