<?xml version="1.0" encoding="UTF-8"?>
<!-- Generated by org.testng.reporters.JUnitReportReporter -->
<testsuite hostname="Bakhyts-Mac-mini.local" failures="0" tests="1" name="contact.tests.ContactCreationTests" time="2.748" errors="0" timestamp="2020-12-13T18:33:30 ALMT" skipped="0">
  <testcase classname="contact.tests.ContactCreationTests" name="contactCreationTests" time="2.748"/>
  <system-out/>
</testsuite> <!-- contact.tests.ContactCreationTests -->
