<?xml version="1.0" encoding="UTF-8"?>
<!-- Generated by org.testng.reporters.JUnitReportReporter -->
<testsuite hostname="Bakhyts-Mac-mini.local" failures="0" tests="1" name="addressbook.GroupCreationTests" time="0.591" errors="0" timestamp="2020-12-13T00:40:50 ALMT" skipped="0">
  <testcase classname="addressbook.GroupCreationTests" name="groupCreationTests" time="0.591"/>
  <system-out/>
</testsuite> <!-- addressbook.GroupCreationTests -->
