<?xml version="1.0" encoding="UTF-8"?>
<!-- Generated by org.testng.reporters.JUnitReportReporter -->
<testsuite hostname="OPASNYI" failures="0" tests="1" name="addressbook.tests.ContactModificationTests" time="1.156" errors="0" timestamp="2021-05-12T02:05:26 ALMT" skipped="0">
  <testcase classname="addressbook.tests.ContactModificationTests" name="contactModificationTests" time="1.156"/>
  <system-out/>
</testsuite> <!-- addressbook.tests.ContactModificationTests -->
