<?xml version="1.0" encoding="UTF-8"?>
<!-- Generated by org.testng.reporters.JUnitReportReporter -->
<testsuite hostname="Bakhyts-Mac-mini.local" failures="0" tests="1" name="addressbook.GroupCreationTests" time="1.023" errors="0" timestamp="2020-12-09T23:25:39 ALMT" skipped="0">
  <testcase classname="addressbook.GroupCreationTests" name="groupCreationTests" time="1.023"/>
  <system-out/>
</testsuite> <!-- addressbook.GroupCreationTests -->
