<?xml version="1.0" encoding="UTF-8"?>
<!-- Generated by org.testng.reporters.JUnitReportReporter -->
<testsuite hostname="Bakhyts-Mac-mini.local" failures="0" tests="1" name="addressbook.tests.GroupCreationTests" time="30.820" errors="0" timestamp="2020-12-26T20:55:53 ALMT" skipped="0">
  <testcase classname="addressbook.tests.GroupCreationTests" name="groupCreationTests" time="30.820"/>
  <system-out/>
</testsuite> <!-- addressbook.tests.GroupCreationTests -->
