<?xml version="1.0" encoding="UTF-8"?>
<!-- Generated by org.testng.reporters.JUnitReportReporter -->
<testsuite hostname="Bakhyts-Mac-mini.local" failures="0" tests="1" name="addressbook.tests.GroupCreationTests" time="0.558" errors="0" timestamp="2020-12-27T23:59:29 ALMT" skipped="0">
  <testcase classname="addressbook.tests.GroupCreationTests" name="testGroupCreation" time="0.558"/>
  <system-out/>
</testsuite> <!-- addressbook.tests.GroupCreationTests -->
