<?xml version="1.0" encoding="UTF-8"?>
<!-- Generated by org.testng.reporters.JUnitReportReporter -->
<testsuite hostname="OPASNYI" failures="0" tests="1" name="addressbook.tests.ContactPhoneTests" time="0.498" errors="0" timestamp="2021-06-07T02:44:43 ALMT" skipped="0">
  <testcase classname="addressbook.tests.ContactPhoneTests" name="testContactPhones" time="0.498"/>
  <system-out/>
</testsuite> <!-- addressbook.tests.ContactPhoneTests -->
