<?xml version="1.0" encoding="UTF-8"?>
<!-- Generated by org.testng.reporters.JUnitReportReporter -->
<testsuite hostname="Bakhyts-Mac-mini.local" failures="0" tests="1" name="addressbook.tests.GroupModificationTests" time="0.647" errors="0" timestamp="2020-12-13T21:55:02 ALMT" skipped="0">
  <testcase classname="addressbook.tests.GroupModificationTests" name="testGroupModification" time="0.647"/>
  <system-out/>
</testsuite> <!-- addressbook.tests.GroupModificationTests -->
