<?xml version="1.0" encoding="UTF-8"?>
<!-- Generated by org.testng.reporters.JUnitReportReporter -->
<testsuite hostname="Bakhyts-Mac-mini.local" failures="0" tests="1" name="contact.tests.ContactCreationTests" time="0.777" errors="0" timestamp="2020-12-26T21:38:19 ALMT" skipped="0">
  <testcase classname="contact.tests.ContactCreationTests" name="contactCreationTests" time="0.777"/>
  <system-out/>
</testsuite> <!-- contact.tests.ContactCreationTests -->
