<?xml version="1.0" encoding="UTF-8"?>
<!-- Generated by org.testng.reporters.JUnitReportReporter -->
<testsuite hostname="Bakhyts-Mac-mini.local" failures="0" tests="1" name="addressbook.tests.ContactCreationTests" time="0.469" errors="0" timestamp="2020-12-28T01:11:50 ALMT" skipped="0">
  <testcase classname="addressbook.tests.ContactCreationTests" name="contactCreationTests" time="0.469"/>
  <system-out/>
</testsuite> <!-- addressbook.tests.ContactCreationTests -->
