<?xml version="1.0" encoding="UTF-8"?>
<!-- Generated by org.testng.reporters.JUnitReportReporter -->
<testsuite hostname="OPASNYI.local" failures="0" tests="1" name="addressbook.tests.ContactPhoneTests" time="0.464" errors="0" timestamp="2021-05-30T02:15:31 ALMT" skipped="0">
  <testcase classname="addressbook.tests.ContactPhoneTests" name="testContactPhones" time="0.464"/>
  <system-out/>
</testsuite> <!-- addressbook.tests.ContactPhoneTests -->
