<?xml version="1.0" encoding="UTF-8"?>
<!-- Generated by org.testng.reporters.JUnitReportReporter -->
<testsuite hostname="Bakhyts-Mac-mini.local" failures="0" tests="1" name="addressbook.ContactCreationTests" time="2.803" errors="0" timestamp="2020-12-13T00:42:01 ALMT" skipped="0">
  <testcase classname="addressbook.ContactCreationTests" name="contactCreationTests" time="2.803"/>
  <system-out/>
</testsuite> <!-- addressbook.ContactCreationTests -->
