<?xml version="1.0" encoding="UTF-8"?>
<!-- Generated by org.testng.reporters.JUnitReportReporter -->
<testsuite hostname="Bakhyts-Mac-mini.local" failures="0" tests="1" name="addressbook.tests.GroupDeletionTests" time="0.315" errors="0" timestamp="2020-12-13T18:14:24 ALMT" skipped="0">
  <testcase classname="addressbook.tests.GroupDeletionTests" name="testGroupDeletion" time="0.315"/>
  <system-out/>
</testsuite> <!-- addressbook.tests.GroupDeletionTests -->
