<?xml version="1.0" encoding="UTF-8"?>
<!-- Generated by org.testng.reporters.JUnitReportReporter -->
<testsuite hostname="Bakhyts-Mac-mini.local" failures="0" tests="1" name="contact.tests.ContactModificationTests" time="0.932" errors="0" timestamp="2020-12-20T00:43:51 ALMT" skipped="0">
  <testcase classname="contact.tests.ContactModificationTests" name="contactModificationTests" time="0.932"/>
  <system-out/>
</testsuite> <!-- contact.tests.ContactModificationTests -->
