<?xml version="1.0" encoding="UTF-8"?>
<!-- Generated by org.testng.reporters.JUnitReportReporter -->
<testsuite hostname="OPASNYI" failures="0" tests="1" name="addressbook.tests.ContactCreationTests" time="1.160" errors="0" timestamp="2021-05-12T01:57:29 ALMT" skipped="0">
  <testcase classname="addressbook.tests.ContactCreationTests" name="contactCreationTests" time="1.160"/>
  <system-out/>
</testsuite> <!-- addressbook.tests.ContactCreationTests -->
