<?xml version="1.0" encoding="UTF-8"?>
<!-- Generated by org.testng.reporters.JUnitReportReporter -->
<testsuite hostname="Bakhyts-Mac-mini.local" failures="0" tests="1" name="addressbook.tests.GroupModificationTests" time="9.488" errors="0" timestamp="2020-12-26T22:14:13 ALMT" skipped="0">
  <testcase classname="addressbook.tests.GroupModificationTests" name="testGroupModification" time="9.488"/>
  <system-out/>
</testsuite> <!-- addressbook.tests.GroupModificationTests -->
