<?xml version="1.0" encoding="UTF-8"?>
<!-- Generated by org.testng.reporters.JUnitReportReporter -->
<testsuite hostname="OPASNYI.local" failures="0" tests="1" name="addressbook.tests.GroupCreationTests" time="1.586" errors="0" timestamp="2021-05-29T16:36:23 ALMT" skipped="0">
  <testcase classname="addressbook.tests.GroupCreationTests" name="testGroupCreation" time="1.586"/>
  <system-out/>
</testsuite> <!-- addressbook.tests.GroupCreationTests -->
