<?xml version="1.0" encoding="UTF-8"?>
<!-- Generated by org.testng.reporters.JUnitReportReporter -->
<testsuite hostname="OPASNYI" failures="0" tests="2" name="com.baha.PrimeTests" time="0.004" errors="0" timestamp="2021-05-23T21:09:00 ALMT" skipped="1">
  <testcase classname="com.baha.PrimeTests" name="testPrime" time="0.004"/>
  <system-out/>
  <testcase classname="com.baha.PrimeTests" name="testPrimeLong">
    <skipped/>
  </testcase> <!-- testPrimeLong -->
  <system-out/>
</testsuite> <!-- com.baha.PrimeTests -->
