<?xml version="1.0" encoding="UTF-8"?>
<testsuite name="addressbook.tests.GroupModificationTests" tests="1" skipped="0" failures="0" errors="0" timestamp="2021-06-13T09:22:11" hostname="OPASNYI.local" time="4.774">
  <properties/>
  <testcase name="testGroupModification" classname="addressbook.tests.GroupModificationTests" time="4.774"/>
  <system-out><![CDATA[]]></system-out>
  <system-err><![CDATA[]]></system-err>
</testsuite>
