<?xml version="1.0" encoding="UTF-8"?>
<testsuite name="addressbook.tests.ContactPhoneTests" tests="1" skipped="0" failures="0" errors="0" timestamp="2021-05-29T20:15:30" hostname="OPASNYI.local" time="0.464">
  <properties/>
  <testcase name="testContactPhones" classname="addressbook.tests.ContactPhoneTests" time="0.464"/>
  <system-out><![CDATA[]]></system-out>
  <system-err><![CDATA[]]></system-err>
</testsuite>
