<?xml version="1.0" encoding="UTF-8"?>
<testsuite name="addressbook.tests.GroupDeletionTests" tests="1" skipped="0" failures="0" errors="0" timestamp="2021-05-28T21:00:26" hostname="OPASNYI.local" time="0.939">
  <properties/>
  <testcase name="testGroupDeletion" classname="addressbook.tests.GroupDeletionTests" time="0.939"/>
  <system-out><![CDATA[]]></system-out>
  <system-err><![CDATA[]]></system-err>
</testsuite>
