<?xml version="1.0" encoding="UTF-8"?>
<testsuite name="addressbook.tests.GroupCreationTests" tests="1" skipped="0" failures="0" errors="0" timestamp="2021-05-28T20:18:03" hostname="OPASNYI.local" time="1.613">
  <properties/>
  <testcase name="testGroupCreation" classname="addressbook.tests.GroupCreationTests" time="1.613"/>
  <system-out><![CDATA[]]></system-out>
  <system-err><![CDATA[1622233079115	geckodriver	INFO	Listening on 127.0.0.1:46339
1622233079248	mozrunner::runner	INFO	Running command: "/Applications/Firefox.app/Contents/MacOS/firefox-bin" "--marionette" "-foreground" "-no-remote" "-profile" "/var/folders/zt/njx9ckpn7d515w6z6xbq3g740000gp/T/rust_mozprofileMYCZm7"
console.warn: SearchSettings: "get: No settings file exists, new profile?" (new Error("", "(unknown module)"))
1622233082433	Marionette	INFO	Listening on port 58054
1622233082540	Marionette	WARN	TLS certificate errors will be ignored for this session
May 29, 2021 2:18:02 AM org.openqa.selenium.remote.ProtocolHandshake createSession
INFO: Detected dialect: W3C
]]></system-err>
</testsuite>
