<?xml version="1.0" encoding="UTF-8"?>
<testsuite name="addressbook.tests.GroupCreationTests" tests="1" skipped="0" failures="0" errors="0" timestamp="2021-05-29T10:36:18" hostname="OPASNYI.local" time="1.586">
  <properties/>
  <testcase name="testGroupCreation" classname="addressbook.tests.GroupCreationTests" time="1.586"/>
  <system-out><![CDATA[]]></system-out>
  <system-err><![CDATA[]]></system-err>
</testsuite>
