<?xml version="1.0" encoding="UTF-8"?>
<testsuite name="addressbook.tests.ContactCreationTests" tests="1" skipped="0" failures="0" errors="0" timestamp="2021-06-06T22:31:09" hostname="OPASNYI" time="1.277">
  <properties/>
  <testcase name="contactCreationTests" classname="addressbook.tests.ContactCreationTests" time="1.277"/>
  <system-out><![CDATA[]]></system-out>
  <system-err><![CDATA[]]></system-err>
</testsuite>
