<?xml version="1.0" encoding="UTF-8"?>
<testsuite name="addressbook.ContactCreationTests" tests="1" skipped="0" failures="0" errors="0" timestamp="2020-12-12T12:32:39" hostname="Bakhyts-Mac-mini.local" time="2.797">
  <properties/>
  <testcase name="contactCreationTests" classname="addressbook.ContactCreationTests" time="2.797"/>
  <system-out><![CDATA[]]></system-out>
  <system-err><![CDATA[Starting ChromeDriver 87.0.4280.88 (89e2380a3e36c3464b5dd1302349b1382549290d-refs/branch-heads/4280@{#1761}) on port 22240
Only local connections are allowed.
Please see https://chromedriver.chromium.org/security-considerations for suggestions on keeping ChromeDriver safe.
ChromeDriver was started successfully.
Dec 12, 2020 6:32:38 PM org.openqa.selenium.remote.ProtocolHandshake createSession
INFO: Detected dialect: W3C
]]></system-err>
</testsuite>
