<?xml version="1.0" encoding="UTF-8"?>
<testsuite name="contact.tests.ContactModificationTests" tests="1" skipped="0" failures="0" errors="0" timestamp="2020-12-19T18:43:50" hostname="Bakhyts-Mac-mini.local" time="0.932">
  <properties/>
  <testcase name="contactModificationTests" classname="contact.tests.ContactModificationTests" time="0.932"/>
  <system-out><![CDATA[]]></system-out>
  <system-err><![CDATA[Starting ChromeDriver 87.0.4280.88 (89e2380a3e36c3464b5dd1302349b1382549290d-refs/branch-heads/4280@{#1761}) on port 45692
Only local connections are allowed.
Please see https://chromedriver.chromium.org/security-considerations for suggestions on keeping ChromeDriver safe.
ChromeDriver was started successfully.
Dec 20, 2020 12:43:49 AM org.openqa.selenium.remote.ProtocolHandshake createSession
INFO: Detected dialect: W3C
]]></system-err>
</testsuite>
