<?xml version="1.0" encoding="UTF-8"?>
<testsuite name="addressbook.tests.GroupCreationTests" tests="1" skipped="0" failures="0" errors="0" timestamp="2021-05-28T21:00:25" hostname="OPASNYI.local" time="1.66">
  <properties/>
  <testcase name="testGroupCreation" classname="addressbook.tests.GroupCreationTests" time="1.66"/>
  <system-out><![CDATA[]]></system-out>
  <system-err><![CDATA[]]></system-err>
</testsuite>
