<?xml version="1.0" encoding="UTF-8"?>
<testsuite name="addressbook.tests.GroupModificationTests" tests="1" skipped="0" failures="0" errors="0" timestamp="2021-05-28T21:00:27" hostname="OPASNYI.local" time="1.736">
  <properties/>
  <testcase name="testGroupModification" classname="addressbook.tests.GroupModificationTests" time="1.736"/>
  <system-out><![CDATA[]]></system-out>
  <system-err><![CDATA[]]></system-err>
</testsuite>
